<?xml version="1.0" encoding="UTF-8"?>
<!-- Generated by org.testng.reporters.JUnitXMLReporter -->
<testsuite ignored="12" hostname="LAPTOP-741J8H39" failures="0" tests="1" name="Default test" time="9.831" errors="0" timestamp="2023-02-14T16:52:08 IST">
  <testcase classname="TestCase.LogInPageTestCase" name="verifySauceLabURLTest" time="0.033"/>
  <testcase classname="TestCase.LogInPageTestCase" name="verifyPasswordTextboxTest" time="0.0">
    <ignored/>
  </testcase> <!-- verifyPasswordTextboxTest -->
  <testcase classname="TestCase.LogInPageTestCase" name="verifyProductLogoTest" time="0.0">
    <ignored/>
  </testcase> <!-- verifyProductLogoTest -->
  <testcase classname="TestCase.LogInPageTestCase" name="verifyshoppingCartTest" time="0.0">
    <ignored/>
  </testcase> <!-- verifyshoppingCartTest -->
  <testcase classname="TestCase.LogInPageTestCase" name="verifyLoginpageTest" time="0.0">
    <ignored/>
  </testcase> <!-- verifyLoginpageTest -->
  <testcase classname="TestCase.LogInPageTestCase" name="verifySauceLabTitleTest" time="0.0">
    <ignored/>
  </testcase> <!-- verifySauceLabTitleTest -->
  <testcase classname="TestCase.LogInPageTestCase" name="verifyPasswordDisplayedTest" time="0.0">
    <ignored/>
  </testcase> <!-- verifyPasswordDisplayedTest -->
  <testcase classname="TestCase.LogInPageTestCase" name="verifysortDropDownTest" time="0.0">
    <ignored/>
  </testcase> <!-- verifysortDropDownTest -->
  <testcase classname="TestCase.LogInPageTestCase" name="verifyproductLableTest" time="0.0">
    <ignored/>
  </testcase> <!-- verifyproductLableTest -->
  <testcase classname="TestCase.LogInPageTestCase" name="verifyUsernameTextboxTest" time="0.0">
    <ignored/>
  </testcase> <!-- verifyUsernameTextboxTest -->
  <testcase classname="TestCase.LogInPageTestCase" name="verifyUsernameDisplayedTest" time="0.0">
    <ignored/>
  </testcase> <!-- verifyUsernameDisplayedTest -->
  <testcase classname="TestCase.LogInPageTestCase" name="verifyloginLogoTest" time="0.0">
    <ignored/>
  </testcase> <!-- verifyloginLogoTest -->
  <testcase classname="TestCase.LogInPageTestCase" name="verifyLoginBtnTest" time="0.0">
    <ignored/>
  </testcase> <!-- verifyLoginBtnTest -->
</testsuite> <!-- Default test -->
