<?xml version="1.0" encoding="UTF-8"?>
<!-- Generated by org.testng.reporters.JUnitXMLReporter -->
<testsuite ignored="63" hostname="LAPTOP-741J8H39" failures="0" tests="14" name="SauceLab" time="190.709" errors="0" timestamp="2023-01-06T18:57:37 IST">
  <testcase classname="TestCase.LogInPageTestCase" name="verifyLoginBtnTest" time="0.069"/>
  <testcase classname="TestCase.LogInPageTestCase" name="verifyPasswordTextboxTest" time="0.108"/>
  <testcase classname="TestCase.LogInPageTestCase" name="verifySauceLabTitleTest" time="0.017"/>
  <testcase classname="TestCase.InventarPageTest" name="verifyfacebookLogoTest" time="0.127"/>
  <testcase classname="TestCase.InventarPageTest" name="verifytwitterLogoTest" time="0.047"/>
  <testcase classname="OrangePageTestCases.OrangeLoginPageTestCase" name="verifyUsernameLabelTest" time="0.047"/>
  <testcase classname="OrangePageTestCases.OrangeLoginPageTestCase" name="verifyaboutVersionTest" time="0.054"/>
  <testcase classname="OrangePageTestCases.OrangeLoginPageTestCase" name="verifypasswordLabelTest" time="0.038"/>
  <testcase classname="OrangePageTestCases.OrangeLoginPageTestCase" name="verifyusernameTextboxtest" time="0.036"/>
  <testcase classname="OrangePageTestCases.OrangeLoginPageTestCase" name="verifyUsernameTest" time="0.312"/>
  <testcase classname="OrangePageTestCases.OrangeLoginPageTestCase" name="verifypasswordTextboxTest" time="0.053"/>
  <testcase classname="OrangePageTestCases.OrangeLoginPageTestCase" name="verifyPasswordTest" time="0.121"/>
  <testcase classname="OrangePageTestCases.OrangeLoginPageTestCase" name="verifyloginBtnTest" time="0.05"/>
  <testcase classname="OrangePageTestCases.OrangeLoginPageTestCase" name="loginOrangeTest" time="2.355"/>
  <testcase classname="TestCase.CheckoutStepSecondTest" name="verifyorderDetailsTest" time="0.0">
    <ignored/>
  </testcase> <!-- verifyorderDetailsTest -->
  <testcase classname="OrangePageTestCases.OrangeDashBoardTestCases" name="verifyaboutPIMTest" time="0.0">
    <ignored/>
  </testcase> <!-- verifyaboutPIMTest -->
  <testcase classname="TestCase.InventarPageTest" name="verifyCartPageOpenTest" time="0.0">
    <ignored/>
  </testcase> <!-- verifyCartPageOpenTest -->
  <testcase classname="TestCase.LogInPageTestCase" name="verifyPasswordDisplayedTest" time="0.0">
    <ignored/>
  </testcase> <!-- verifyPasswordDisplayedTest -->
  <testcase classname="OrangePageTestCases.OrangeDashBoardTestCases" name="verifyCurrentURL" time="0.0">
    <ignored/>
  </testcase> <!-- verifyCurrentURL -->
  <testcase classname="TestCase.CartPageTest" name="verifypostalCodeFocusedTest" time="0.0">
    <ignored/>
  </testcase> <!-- verifypostalCodeFocusedTest -->
  <testcase classname="TestCase.CartPageTest" name="verifybackpackRemovetets" time="0.0">
    <ignored/>
  </testcase> <!-- verifybackpackRemovetets -->
  <testcase classname="TestCase.CartPageTest" name="verifybackpackremoveBtnTest" time="0.0">
    <ignored/>
  </testcase> <!-- verifybackpackremoveBtnTest -->
  <testcase classname="TestCase.CartPageTest" name="verifycontinueBtnTest" time="0.0">
    <ignored/>
  </testcase> <!-- verifycontinueBtnTest -->
  <testcase classname="TestCase.CartPageTest" name="verifyCartPageTitletest" time="0.0">
    <ignored/>
  </testcase> <!-- verifyCartPageTitletest -->
  <testcase classname="TestCase.CheckOutStepOneTest" name="verifyfirstNameDataTest" time="0.0">
    <ignored/>
  </testcase> <!-- verifyfirstNameDataTest -->
  <testcase classname="OrangePageTestCases.OrangeLoginPageTestCase" name="verifyloginLlogoTest" time="0.0">
    <ignored/>
  </testcase> <!-- verifyloginLlogoTest -->
  <testcase classname="TestCase.LogInPageTestCase" name="verifyproductLableTest" time="0.0">
    <ignored/>
  </testcase> <!-- verifyproductLableTest -->
  <testcase classname="TestCase.LogInPageTestCase" name="verifyUsernameTextboxTest" time="0.0">
    <ignored/>
  </testcase> <!-- verifyUsernameTextboxTest -->
  <testcase classname="TestCase.CheckoutStepSecondTest" name="verifyfinishBtnTest" time="0.0">
    <ignored/>
  </testcase> <!-- verifyfinishBtnTest -->
  <testcase classname="TestCase.CheckoutStepSecondTest" name="verifybackBtnTest" time="0.0">
    <ignored/>
  </testcase> <!-- verifybackBtnTest -->
  <testcase classname="TestCase.CheckOutStepOneTest" name="verifyPostalCodeTest" time="0.0">
    <ignored/>
  </testcase> <!-- verifyPostalCodeTest -->
  <testcase classname="TestCase.CheckoutStepSecondTest" name="verifyOrderDoneTest" time="0.0">
    <ignored/>
  </testcase> <!-- verifyOrderDoneTest -->
  <testcase classname="OrangePageTestCases.OrangeLoginPageTestCase" name="verifyOrangetitle" time="0.0">
    <ignored/>
  </testcase> <!-- verifyOrangetitle -->
  <testcase classname="TestCase.InventarPageTest" name="verifyAppLogoTest" time="0.0">
    <ignored/>
  </testcase> <!-- verifyAppLogoTest -->
  <testcase classname="TestCase.CartPageTest" name="verifycheckOuttBtnTest" time="0.0">
    <ignored/>
  </testcase> <!-- verifycheckOuttBtnTest -->
  <testcase classname="TestCase.CheckoutStepSecondTest" name="verifytitleSeconCheckOutTest" time="0.0">
    <ignored/>
  </testcase> <!-- verifytitleSeconCheckOutTest -->
  <testcase classname="TestCase.CheckOutStepOneTest" name="verifyCheckoutBtnTest" time="0.0">
    <ignored/>
  </testcase> <!-- verifyCheckoutBtnTest -->
  <testcase classname="TestCase.CheckOutStepOneTest" name="verifycheckoutTitleTest" time="0.0">
    <ignored/>
  </testcase> <!-- verifycheckoutTitleTest -->
  <testcase classname="TestCase.CartPageTest" name="verifycontinueBtnClickTest" time="0.0">
    <ignored/>
  </testcase> <!-- verifycontinueBtnClickTest -->
  <testcase classname="OrangePageTestCases.OrangeLoginPageTestCase" name="verifyLinkedLogotest" time="0.0">
    <ignored/>
  </testcase> <!-- verifyLinkedLogotest -->
  <testcase classname="TestCase.LogInPageTestCase" name="verifyshoppingCartTest" time="0.0">
    <ignored/>
  </testcase> <!-- verifyshoppingCartTest -->
  <testcase classname="TestCase.LogInPageTestCase" name="verifyLoginpageTest" time="0.0">
    <ignored/>
  </testcase> <!-- verifyLoginpageTest -->
  <testcase classname="TestCase.CheckOutStepOneTest" name="verifycancelBtnClickTest" time="0.0">
    <ignored/>
  </testcase> <!-- verifycancelBtnClickTest -->
  <testcase classname="OrangePageTestCases.OrangeLoginPageTestCase" name="verifyOrangeUrlTest" time="0.0">
    <ignored/>
  </testcase> <!-- verifyOrangeUrlTest -->
  <testcase classname="TestCase.CheckoutStepSecondTest" name="verifyorderCompleteTest" time="0.0">
    <ignored/>
  </testcase> <!-- verifyorderCompleteTest -->
  <testcase classname="OrangePageTestCases.OrangeLoginPageTestCase" name="verifyOrangeLogoTest" time="0.0">
    <ignored/>
  </testcase> <!-- verifyOrangeLogoTest -->
  <testcase classname="TestCase.CheckOutStepOneTest" name="insertInfotest" time="0.0">
    <ignored/>
  </testcase> <!-- insertInfotest -->
  <testcase classname="TestCase.LogInPageTestCase" name="verifysortDropDownTest" time="0.0">
    <ignored/>
  </testcase> <!-- verifysortDropDownTest -->
  <testcase classname="OrangePageTestCases.OrangeDashBoardTestCases" name="verifyDashboardlabelTest" time="0.0">
    <ignored/>
  </testcase> <!-- verifyDashboardlabelTest -->
  <testcase classname="TestCase.LogInPageTestCase" name="verifyProductLogoTest" time="0.0">
    <ignored/>
  </testcase> <!-- verifyProductLogoTest -->
  <testcase classname="TestCase.InventarPageTest" name="verifyrobotlogoTest" time="0.0">
    <ignored/>
  </testcase> <!-- verifyrobotlogoTest -->
  <testcase classname="TestCase.CartPageTest" name="verifydescripLableTest" time="0.0">
    <ignored/>
  </testcase> <!-- verifydescripLableTest -->
  <testcase classname="OrangePageTestCases.OrangeDashBoardTestCases" name="verifyadminInfoTest" time="0.0">
    <ignored/>
  </testcase> <!-- verifyadminInfoTest -->
  <testcase classname="TestCase.InventarPageTest" name="verifycartBtnClickableTest" time="0.0">
    <ignored/>
  </testcase> <!-- verifycartBtnClickableTest -->
  <testcase classname="TestCase.CartPageTest" name="verifycheckOutBtnClickTest" time="0.0">
    <ignored/>
  </testcase> <!-- verifycheckOutBtnClickTest -->
  <testcase classname="OrangePageTestCases.OrangeLoginPageTestCase" name="verifyorangeHRForAlllogoTest" time="0.0">
    <ignored/>
  </testcase> <!-- verifyorangeHRForAlllogoTest -->
  <testcase classname="TestCase.InventarPageTest" name="verifycartbtnTest" time="0.0">
    <ignored/>
  </testcase> <!-- verifycartbtnTest -->
  <testcase classname="TestCase.InventarPageTest" name="verifydropdownTest" time="0.0">
    <ignored/>
  </testcase> <!-- verifydropdownTest -->
  <testcase classname="TestCase.InventarPageTest" name="verifyinfoAboutTest" time="0.0">
    <ignored/>
  </testcase> <!-- verifyinfoAboutTest -->
  <testcase classname="OrangePageTestCases.OrangeDashBoardTestCases" name="verifysearchTextboxTest" time="0.0">
    <ignored/>
  </testcase> <!-- verifysearchTextboxTest -->
  <testcase classname="TestCase.InventarPageTest" name="verifypeek1LogoTest" time="0.0">
    <ignored/>
  </testcase> <!-- verifypeek1LogoTest -->
  <testcase classname="TestCase.CartPageTest" name="verifyqltlableTest" time="0.0">
    <ignored/>
  </testcase> <!-- verifyqltlableTest -->
  <testcase classname="TestCase.CheckoutStepSecondTest" name="verifyponyExpTest" time="0.0">
    <ignored/>
  </testcase> <!-- verifyponyExpTest -->
  <testcase classname="TestCase.LogInPageTestCase" name="verifyloginLogoTest" time="0.0">
    <ignored/>
  </testcase> <!-- verifyloginLogoTest -->
  <testcase classname="TestCase.CheckOutStepOneTest" name="verifyURLTest" time="0.0">
    <ignored/>
  </testcase> <!-- verifyURLTest -->
  <testcase classname="TestCase.LogInPageTestCase" name="verifySauceLabURLTest" time="0.0">
    <ignored/>
  </testcase> <!-- verifySauceLabURLTest -->
  <testcase classname="OrangePageTestCases.OrangeDashBoardTestCases" name="verifyOrangeLogoTest" time="0.0">
    <ignored/>
  </testcase> <!-- verifyOrangeLogoTest -->
  <testcase classname="TestCase.CartPageTest" name="verifylastNameFocusedTest" time="0.0">
    <ignored/>
  </testcase> <!-- verifylastNameFocusedTest -->
  <testcase classname="TestCase.InventarPageTest" name="verifyMenuBtnTest" time="0.0">
    <ignored/>
  </testcase> <!-- verifyMenuBtnTest -->
  <testcase classname="TestCase.CartPageTest" name="verifyfirstNameFocusedTest" time="0.0">
    <ignored/>
  </testcase> <!-- verifyfirstNameFocusedTest -->
  <testcase classname="TestCase.InventarPageTest" name="verifyURLTest" time="0.0">
    <ignored/>
  </testcase> <!-- verifyURLTest -->
  <testcase classname="TestCase.CheckOutStepOneTest" name="verifyContinueBtnTest" time="0.0">
    <ignored/>
  </testcase> <!-- verifyContinueBtnTest -->
  <testcase classname="TestCase.LogInPageTestCase" name="verifyUsernameDisplayedTest" time="0.0">
    <ignored/>
  </testcase> <!-- verifyUsernameDisplayedTest -->
  <testcase classname="TestCase.InventarPageTest" name="verifylinkedInTest" time="0.0">
    <ignored/>
  </testcase> <!-- verifylinkedInTest -->
  <testcase classname="TestCase.CheckOutStepOneTest" name="verifycancelBtnTest" time="0.0">
    <ignored/>
  </testcase> <!-- verifycancelBtnTest -->
  <testcase classname="TestCase.CheckOutStepOneTest" name="verifylastNameDataTest" time="0.0">
    <ignored/>
  </testcase> <!-- verifylastNameDataTest -->
  <testcase classname="TestCase.CheckoutStepSecondTest" name="verifyaboutOrderTest" time="0.0">
    <ignored/>
  </testcase> <!-- verifyaboutOrderTest -->
</testsuite> <!-- SauceLab -->
