<?xml version="1.0" encoding="UTF-8"?>
<!-- Generated by org.testng.reporters.JUnitXMLReporter -->
<testsuite ignored="0" hostname="LAPTOP-741J8H39" failures="0" tests="6" name="Test" time="88.308" errors="0" timestamp="2023-01-28T21:33:19 IST">
  <testcase classname="OrangePageTestCases.OrangeDashBoardTestCases" name="verifyCurrentURL" time="0.105"/>
  <testcase classname="OrangePageTestCases.OrangeDashBoardTestCases" name="verifyDashboardlabelTest" time="0.186"/>
  <testcase classname="OrangePageTestCases.OrangeDashBoardTestCases" name="verifyOrangeLogoTest" time="0.191"/>
  <testcase classname="OrangePageTestCases.OrangeDashBoardTestCases" name="verifyaboutPIMTest" time="0.177"/>
  <testcase classname="OrangePageTestCases.OrangeDashBoardTestCases" name="verifysearchTextboxTest" time="0.143"/>
  <testcase classname="OrangePageTestCases.OrangeDashBoardTestCases" name="verifyadminInfoTest" time="0.199"/>
</testsuite> <!-- Test -->
